<?xml version="1.0" encoding="UTF-8"?>
<testsuite name="OrganicCatTest" tests="4" skipped="0" failures="0" errors="0" timestamp="2020-09-25T03:22:25" hostname="UNIT2020-7" time="0.002">
  <properties/>
  <testcase name="shouldReturnCatHappiness" classname="OrganicCatTest" time="0.001"/>
  <testcase name="shouldReturnCatWasteLitterBox" classname="OrganicCatTest" time="0.0"/>
  <testcase name="shouldReturnCatHunger" classname="OrganicCatTest" time="0.0"/>
  <testcase name="shouldReturnCatThirst" classname="OrganicCatTest" time="0.0"/>
  <system-out><![CDATA[]]></system-out>
  <system-err><![CDATA[]]></system-err>
</testsuite>
